0 info it worked if it ends with ok
1 verbose cli [ '/usr/bin/node', '/usr/bin/npm', 'start' ]
2 info using npm@3.10.10
3 info using node@v6.16.0
4 verbose run-script [ 'prestart', 'start', 'poststart' ]
5 info lifecycle my-nuxt@1.0.0~prestart: my-nuxt@1.0.0
6 silly lifecycle my-nuxt@1.0.0~prestart: no script for prestart, continuing
7 info lifecycle my-nuxt@1.0.0~start: my-nuxt@1.0.0
8 verbose lifecycle my-nuxt@1.0.0~start: unsafe-perm in lifecycle true
9 verbose lifecycle my-nuxt@1.0.0~start: PATH: /usr/lib/node_modules/npm/bin/node-gyp-bin:/wh1902/my-nuxt/node_modules/.bin:/usr/local/nginx/sbin:/usr/local/mongodb/bin:/usr/local/sbin:/usr/local/bin:/usr/sbin:/usr/bin:/root/bin
10 verbose lifecycle my-nuxt@1.0.0~start: CWD: /wh1902/my-nuxt
11 silly lifecycle my-nuxt@1.0.0~start: Args: [ '-c', 'PORT=3002 nuxt start' ]
12 silly lifecycle my-nuxt@1.0.0~start: Returned: code: 1  signal: null
13 info lifecycle my-nuxt@1.0.0~start: Failed to exec start script
14 verbose stack Error: my-nuxt@1.0.0 start: `PORT=3002 nuxt start`
14 verbose stack Exit status 1
14 verbose stack     at EventEmitter.<anonymous> (/usr/lib/node_modules/npm/lib/utils/lifecycle.js:255:16)
14 verbose stack     at emitTwo (events.js:106:13)
14 verbose stack     at EventEmitter.emit (events.js:191:7)
14 verbose stack     at ChildProcess.<anonymous> (/usr/lib/node_modules/npm/lib/utils/spawn.js:40:14)
14 verbose stack     at emitTwo (events.js:106:13)
14 verbose stack     at ChildProcess.emit (events.js:191:7)
14 verbose stack     at maybeClose (internal/child_process.js:920:16)
14 verbose stack     at Process.ChildProcess._handle.onexit (internal/child_process.js:230:5)
15 verbose pkgid my-nuxt@1.0.0
16 verbose cwd /wh1902/my-nuxt
17 error Linux 3.10.0-514.26.2.el7.x86_64
18 error argv "/usr/bin/node" "/usr/bin/npm" "start"
19 error node v6.16.0
20 error npm  v3.10.10
21 error code ELIFECYCLE
22 error my-nuxt@1.0.0 start: `PORT=3002 nuxt start`
22 error Exit status 1
23 error Failed at the my-nuxt@1.0.0 start script 'PORT=3002 nuxt start'.
23 error Make sure you have the latest version of node.js and npm installed.
23 error If you do, this is most likely a problem with the my-nuxt package,
23 error not with npm itself.
23 error Tell the author that this fails on your system:
23 error     PORT=3002 nuxt start
23 error You can get information on how to open an issue for this project with:
23 error     npm bugs my-nuxt
23 error Or if that isn't available, you can get their info via:
23 error     npm owner ls my-nuxt
23 error There is likely additional logging output above.
24 verbose exit [ 1, true ]
